<?xml version="1.0" encoding="UTF-8"?>
<testsuite name="com.bmcl.numbers.ListSorterTest" tests="1" skipped="0" failures="0" errors="0" timestamp="2022-09-30T11:03:08" hostname="PT-3TVQGK3" time="0.013">
  <properties/>
  <testcase name="sortBug()" classname="com.bmcl.numbers.ListSorterTest" time="0.013"/>
  <system-out><![CDATA[]]></system-out>
  <system-err><![CDATA[]]></system-err>
</testsuite>
