<?xml version="1.0" encoding="UTF-8"?>
<testsuite name="com.bmcl.numbers.ListAggregatorTest" tests="6" skipped="0" failures="0" errors="0" timestamp="2022-09-30T14:20:07" hostname="PT-3TVQGK3" time="1.164">
  <properties/>
  <testcase name="distinct_Bug_8726()" classname="com.bmcl.numbers.ListAggregatorTest" time="1.153"/>
  <testcase name="max()" classname="com.bmcl.numbers.ListAggregatorTest" time="0.0"/>
  <testcase name="min()" classname="com.bmcl.numbers.ListAggregatorTest" time="0.001"/>
  <testcase name="sum()" classname="com.bmcl.numbers.ListAggregatorTest" time="0.002"/>
  <testcase name="max2()" classname="com.bmcl.numbers.ListAggregatorTest" time="0.001"/>
  <testcase name="distinct()" classname="com.bmcl.numbers.ListAggregatorTest" time="0.002"/>
  <system-out><![CDATA[]]></system-out>
  <system-err><![CDATA[]]></system-err>
</testsuite>
