<?xml version="1.0" encoding="UTF-8"?>
<testsuite name="com.bmcl.numbers.ListSorterTest" tests="2" skipped="0" failures="0" errors="0" timestamp="2022-09-30T14:20:08" hostname="PT-3TVQGK3" time="0.003">
  <properties/>
  <testcase name="sortBug()" classname="com.bmcl.numbers.ListSorterTest" time="0.002"/>
  <testcase name="sort()" classname="com.bmcl.numbers.ListSorterTest" time="0.0"/>
  <system-out><![CDATA[]]></system-out>
  <system-err><![CDATA[]]></system-err>
</testsuite>
